Determining if the pthread_create exist failed with the following output:
Change Dir: /home/jetson/cqy/TensorRT-integrate-Jetson/tensorrt-integrate-1.1-full-cnn-classifier/build/CMakeFiles/CMakeTmp

Run Build Command:"/usr/bin/make" "cmTC_5af41/fast"
/usr/bin/make -f CMakeFiles/cmTC_5af41.dir/build.make CMakeFiles/cmTC_5af41.dir/build
make[1]: Entering directory '/home/jetson/cqy/TensorRT-integrate-Jetson/tensorrt-integrate-1.1-full-cnn-classifier/build/CMakeFiles/CMakeTmp'
Building C object CMakeFiles/cmTC_5af41.dir/CheckSymbolExists.c.o
/usr/bin/cc   -fPIC    -o CMakeFiles/cmTC_5af41.dir/CheckSymbolExists.c.o   -c /home/jetson/cqy/TensorRT-integrate-Jetson/tensorrt-integrate-1.1-full-cnn-classifier/build/CMakeFiles/CMakeTmp/CheckSymbolExists.c
Linking C executable cmTC_5af41
/usr/bin/cmake -E cmake_link_script CMakeFiles/cmTC_5af41.dir/link.txt --verbose=1
/usr/bin/cc -fPIC     CMakeFiles/cmTC_5af41.dir/CheckSymbolExists.c.o  -o cmTC_5af41 
CMakeFiles/cmTC_5af41.dir/CheckSymbolExists.c.o: In function `main':
CheckSymbolExists.c:(.text+0x14): undefined reference to `pthread_create'
CheckSymbolExists.c:(.text+0x18): undefined reference to `pthread_create'
collect2: error: ld returned 1 exit status
CMakeFiles/cmTC_5af41.dir/build.make:97: recipe for target 'cmTC_5af41' failed
make[1]: *** [cmTC_5af41] Error 1
make[1]: Leaving directory '/home/jetson/cqy/TensorRT-integrate-Jetson/tensorrt-integrate-1.1-full-cnn-classifier/build/CMakeFiles/CMakeTmp'
Makefile:126: recipe for target 'cmTC_5af41/fast' failed
make: *** [cmTC_5af41/fast] Error 2

File /home/jetson/cqy/TensorRT-integrate-Jetson/tensorrt-integrate-1.1-full-cnn-classifier/build/CMakeFiles/CMakeTmp/CheckSymbolExists.c:
/* */
#include <pthread.h>

int main(int argc, char** argv)
{
  (void)argv;
#ifndef pthread_create
  return ((int*)(&pthread_create))[argc];
#else
  (void)argc;
  return 0;
#endif
}

Determining if the function pthread_create exists in the pthreads failed with the following output:
Change Dir: /home/jetson/cqy/TensorRT-integrate-Jetson/tensorrt-integrate-1.1-full-cnn-classifier/build/CMakeFiles/CMakeTmp

Run Build Command:"/usr/bin/make" "cmTC_0084c/fast"
/usr/bin/make -f CMakeFiles/cmTC_0084c.dir/build.make CMakeFiles/cmTC_0084c.dir/build
make[1]: Entering directory '/home/jetson/cqy/TensorRT-integrate-Jetson/tensorrt-integrate-1.1-full-cnn-classifier/build/CMakeFiles/CMakeTmp'
Building C object CMakeFiles/cmTC_0084c.dir/CheckFunctionExists.c.o
/usr/bin/cc   -fPIC -DCHECK_FUNCTION_EXISTS=pthread_create   -o CMakeFiles/cmTC_0084c.dir/CheckFunctionExists.c.o   -c /usr/share/cmake-3.10/Modules/CheckFunctionExists.c
Linking C executable cmTC_0084c
/usr/bin/cmake -E cmake_link_script CMakeFiles/cmTC_0084c.dir/link.txt --verbose=1
/usr/bin/cc -fPIC -DCHECK_FUNCTION_EXISTS=pthread_create    CMakeFiles/cmTC_0084c.dir/CheckFunctionExists.c.o  -o cmTC_0084c -lpthreads 
/usr/bin/ld: cannot find -lpthreads
collect2: error: ld returned 1 exit status
CMakeFiles/cmTC_0084c.dir/build.make:97: recipe for target 'cmTC_0084c' failed
make[1]: *** [cmTC_0084c] Error 1
make[1]: Leaving directory '/home/jetson/cqy/TensorRT-integrate-Jetson/tensorrt-integrate-1.1-full-cnn-classifier/build/CMakeFiles/CMakeTmp'
Makefile:126: recipe for target 'cmTC_0084c/fast' failed
make: *** [cmTC_0084c/fast] Error 2


